Determining if the pthread_create exist failed with the following output:
Change Dir: /home/itm_stud/test_ma_ws/MA_Experiment/build/itm_nonlinear_mpc/CMakeFiles/CMakeTmp

Run Build Command:"/usr/bin/make" "cmTC_716fc/fast"
/usr/bin/make -f CMakeFiles/cmTC_716fc.dir/build.make CMakeFiles/cmTC_716fc.dir/build
make[1]: Entering directory '/home/itm_stud/test_ma_ws/MA_Experiment/build/itm_nonlinear_mpc/CMakeFiles/CMakeTmp'
Building C object CMakeFiles/cmTC_716fc.dir/CheckSymbolExists.c.o
/usr/bin/cc   -Wall -std=c99 -DEXT_DEP -fdiagnostics-show-option    -o CMakeFiles/cmTC_716fc.dir/CheckSymbolExists.c.o   -c /home/itm_stud/test_ma_ws/MA_Experiment/build/itm_nonlinear_mpc/CMakeFiles/CMakeTmp/CheckSymbolExists.c
Linking C executable cmTC_716fc
/usr/bin/cmake -E cmake_link_script CMakeFiles/cmTC_716fc.dir/link.txt --verbose=1
/usr/bin/cc  -Wall -std=c99 -DEXT_DEP -fdiagnostics-show-option     -rdynamic CMakeFiles/cmTC_716fc.dir/CheckSymbolExists.c.o  -o cmTC_716fc 
CMakeFiles/cmTC_716fc.dir/CheckSymbolExists.c.o: In function `main':
CheckSymbolExists.c:(.text+0x1b): undefined reference to `pthread_create'
collect2: error: ld returned 1 exit status
CMakeFiles/cmTC_716fc.dir/build.make:97: recipe for target 'cmTC_716fc' failed
make[1]: *** [cmTC_716fc] Error 1
make[1]: Leaving directory '/home/itm_stud/test_ma_ws/MA_Experiment/build/itm_nonlinear_mpc/CMakeFiles/CMakeTmp'
Makefile:126: recipe for target 'cmTC_716fc/fast' failed
make: *** [cmTC_716fc/fast] Error 2

File /home/itm_stud/test_ma_ws/MA_Experiment/build/itm_nonlinear_mpc/CMakeFiles/CMakeTmp/CheckSymbolExists.c:
/* */
#include <pthread.h>

int main(int argc, char** argv)
{
  (void)argv;
#ifndef pthread_create
  return ((int*)(&pthread_create))[argc];
#else
  (void)argc;
  return 0;
#endif
}

Determining if the function pthread_create exists in the pthreads failed with the following output:
Change Dir: /home/itm_stud/test_ma_ws/MA_Experiment/build/itm_nonlinear_mpc/CMakeFiles/CMakeTmp

Run Build Command:"/usr/bin/make" "cmTC_f28ef/fast"
/usr/bin/make -f CMakeFiles/cmTC_f28ef.dir/build.make CMakeFiles/cmTC_f28ef.dir/build
make[1]: Entering directory '/home/itm_stud/test_ma_ws/MA_Experiment/build/itm_nonlinear_mpc/CMakeFiles/CMakeTmp'
Building C object CMakeFiles/cmTC_f28ef.dir/CheckFunctionExists.c.o
/usr/bin/cc   -Wall -std=c99 -DEXT_DEP -fdiagnostics-show-option -DCHECK_FUNCTION_EXISTS=pthread_create   -o CMakeFiles/cmTC_f28ef.dir/CheckFunctionExists.c.o   -c /usr/share/cmake-3.10/Modules/CheckFunctionExists.c
Linking C executable cmTC_f28ef
/usr/bin/cmake -E cmake_link_script CMakeFiles/cmTC_f28ef.dir/link.txt --verbose=1
/usr/bin/cc  -Wall -std=c99 -DEXT_DEP -fdiagnostics-show-option -DCHECK_FUNCTION_EXISTS=pthread_create    -rdynamic CMakeFiles/cmTC_f28ef.dir/CheckFunctionExists.c.o  -o cmTC_f28ef -lpthreads 
/usr/bin/ld: cannot find -lpthreads
collect2: error: ld returned 1 exit status
CMakeFiles/cmTC_f28ef.dir/build.make:97: recipe for target 'cmTC_f28ef' failed
make[1]: *** [cmTC_f28ef] Error 1
make[1]: Leaving directory '/home/itm_stud/test_ma_ws/MA_Experiment/build/itm_nonlinear_mpc/CMakeFiles/CMakeTmp'
Makefile:126: recipe for target 'cmTC_f28ef/fast' failed
make: *** [cmTC_f28ef/fast] Error 2


